<?xml version="1.0" encoding="UTF-8"?>
<testng-results total="1" passed="1" failed="0" skipped="0">
  <reporter-output>
  </reporter-output>
  <suite started-at="2022-01-17T07:21:54Z" name="Default suite" finished-at="2022-01-17T07:22:11Z" duration-ms="16290">
    <groups>
    </groups>
    <test started-at="2022-01-17T07:21:54Z" name="Default test" finished-at="2022-01-17T07:22:11Z" duration-ms="16290">
      <class name="functionality.Test2">
        <test-method signature="login_fn()[pri:0, instance:functionality.Test2@6e15fe2]" started-at="2022-01-17T12:51:54Z" name="login_fn" finished-at="2022-01-17T12:52:11Z" duration-ms="16269" status="PASS">
          <reporter-output>
          </reporter-output>
        </test-method> <!-- login_fn -->
      </class> <!-- functionality.Test2 -->
    </test> <!-- Default test -->
  </suite> <!-- Default suite -->
</testng-results>
